<?xml version="1.0" encoding="UTF-8"?>
<!-- Generated by org.testng.reporters.JUnitReportReporter -->
<testsuite skipped="0" hostname="DESKTOP-N4GHF6I" name="ofaqa.tests.ErrorValidations" tests="1" failures="0" timestamp="2023-07-23T14:50:11 EEST" time="7.913" errors="0">
  <testcase name="submitOrder" time="7.913" classname="ofaqa.tests.ErrorValidations"/>
  <system-out/>
</testsuite> <!-- ofaqa.tests.ErrorValidations -->
