<?xml version="1.0" encoding="UTF-8"?>
<!-- Generated by org.testng.reporters.JUnitReportReporter -->
<testsuite skipped="0" hostname="DESKTOP-N4GHF6I" name="ofaqa.cucumber.TestNGTestRunner" tests="1" failures="0" timestamp="2023-10-18T17:51:00 EEST" time="8.832" errors="0">
  <testcase name="runScenario" time="8.832" classname="ofaqa.cucumber.TestNGTestRunner"/>
  <system-out/>
</testsuite> <!-- ofaqa.cucumber.TestNGTestRunner -->
