<?xml version="1.0" encoding="UTF-8"?>
<!-- Generated by org.testng.reporters.JUnitReportReporter -->
<testsuite skipped="0" hostname="DESKTOP-N4GHF6I" name="ofaqa.tests.SubmitOrderTest" tests="3" failures="0" timestamp="2023-08-29T18:10:46 EEST" time="48.939" errors="0">
  <testcase name="submitOrder" time="16.916" classname="ofaqa.tests.SubmitOrderTest"/>
  <system-out/>
  <testcase name="orderHistoryTest" time="7.152" classname="ofaqa.tests.SubmitOrderTest"/>
  <system-out/>
  <testcase name="submitOrder" time="24.871" classname="ofaqa.tests.SubmitOrderTest"/>
  <system-out/>
</testsuite> <!-- ofaqa.tests.SubmitOrderTest -->
