<?xml version="1.0" encoding="UTF-8"?>
<!-- Generated by org.testng.reporters.JUnitReportReporter -->
<testsuite hostname="DESKTOP-N4GHF6I" failures="0" tests="1" name="ofaqa.cucumber.TestNGTestRunner" time="14.435" errors="0" timestamp="18 Oct 2023 15:01:21 GMT" skipped="0">
  <testcase classname="ofaqa.cucumber.TestNGTestRunner" name="runScenario" time="14.435"/>
</testsuite> <!-- ofaqa.cucumber.TestNGTestRunner -->
