<?xml version="1.0" encoding="UTF-8"?>
<!-- Generated by org.testng.reporters.JUnitReportReporter -->
<testsuite hostname="DESKTOP-N4GHF6I" failures="0" tests="3" name="ofaqa.tests.SubmitOrderTest" time="54.064" errors="0" timestamp="05 Sep 2023 14:55:00 GMT" skipped="0">
  <testcase classname="ofaqa.tests.SubmitOrderTest" name="orderHistoryTest" time="5.339"/>
  <testcase classname="ofaqa.tests.SubmitOrderTest" name="submitOrder" time="20.699"/>
  <testcase classname="ofaqa.tests.SubmitOrderTest" name="submitOrder" time="28.026"/>
</testsuite> <!-- ofaqa.tests.SubmitOrderTest -->
